2025-03-31 08:26:16,055 - INFO - Connecting to Mega...
2025-03-31 08:26:18,051 - INFO - Sucessfully logged in to Mega.
2025-03-31 08:26:18,051 - INFO - Connecting to Mega...
2025-03-31 08:26:20,951 - INFO - Sucessfully logged in to Mega.
2025-03-31 08:26:20,951 - INFO - Fetching latest backup file from Mega...
2025-03-31 08:26:22,259 - INFO - Latest backup file found: 20250331025115_world.sql
2025-03-31 08:26:22,260 - INFO - Downloading backup file...
2025-03-31 08:44:59,406 - INFO - Connecting to Mega...
2025-03-31 08:45:01,582 - INFO - Sucessfully logged in to Mega.
2025-03-31 08:45:01,582 - INFO - Connecting to Mega...
2025-03-31 08:45:03,810 - INFO - Sucessfully logged in to Mega.
2025-03-31 08:45:03,810 - INFO - Fetching latest backup file from Mega...
2025-03-31 08:45:05,196 - INFO - Latest backup file found: 20250331025115_world.sql
2025-03-31 08:48:44,979 - INFO - Connecting to Mega...
2025-03-31 08:48:47,382 - INFO - Sucessfully logged in to Mega.
2025-03-31 08:48:47,383 - INFO - Connecting to Mega...
2025-03-31 08:48:49,341 - INFO - Sucessfully logged in to Mega.
2025-03-31 08:48:49,342 - INFO - Fetching latest backup file from Mega...
2025-03-31 08:50:12,173 - INFO - Connecting to Mega...
2025-03-31 08:50:14,327 - INFO - Sucessfully logged in to Mega.
2025-03-31 08:50:14,328 - INFO - Connecting to Mega...
2025-03-31 08:50:16,492 - INFO - Sucessfully logged in to Mega.
2025-03-31 08:50:16,492 - INFO - Fetching latest backup file from Mega...
2025-03-31 09:05:43,030 - INFO - Connecting to Mega...
2025-03-31 09:05:45,107 - INFO - Sucessfully logged in to Mega.
2025-03-31 09:05:45,108 - INFO - Connecting to Mega...
2025-03-31 09:05:46,959 - INFO - Sucessfully logged in to Mega.
2025-03-31 09:05:46,960 - INFO - Fetching latest backup file from Mega...
2025-03-31 09:07:13,329 - INFO - Connecting to Mega...
2025-03-31 09:07:15,382 - INFO - Sucessfully logged in to Mega.
2025-03-31 09:07:15,382 - INFO - Connecting to Mega...
2025-03-31 09:07:17,364 - INFO - Sucessfully logged in to Mega.
2025-03-31 09:07:17,364 - INFO - Fetching latest backup file from Mega...
2025-03-31 09:10:37,541 - INFO - Connecting to Mega...
2025-03-31 09:10:39,675 - INFO - Sucessfully logged in to Mega.
2025-03-31 09:10:39,675 - INFO - Connecting to Mega...
2025-03-31 09:10:41,645 - INFO - Sucessfully logged in to Mega.
2025-03-31 09:10:41,645 - INFO - Fetching latest backup file from Mega...
2025-03-31 09:11:44,629 - INFO - Connecting to Mega...
2025-03-31 09:11:46,641 - INFO - Sucessfully logged in to Mega.
2025-03-31 09:11:46,641 - INFO - Connecting to Mega...
2025-03-31 09:11:48,567 - INFO - Sucessfully logged in to Mega.
2025-03-31 09:11:48,567 - INFO - Fetching latest backup file from Mega...
2025-03-31 09:14:49,761 - INFO - Connecting to Mega...
2025-03-31 09:14:51,780 - INFO - Sucessfully logged in to Mega.
2025-03-31 09:14:51,781 - INFO - Connecting to Mega...
2025-03-31 09:14:53,743 - INFO - Sucessfully logged in to Mega.
2025-03-31 09:14:53,744 - INFO - Fetching latest backup file from Mega...
2025-03-31 09:14:54,924 - ERROR - An error occurred: 'DriverMega' object has no attribute 'find'
2025-03-31 09:15:18,883 - INFO - Connecting to Mega...
2025-03-31 09:15:20,924 - INFO - Sucessfully logged in to Mega.
2025-03-31 09:15:20,925 - INFO - Connecting to Mega...
2025-03-31 09:15:22,818 - INFO - Sucessfully logged in to Mega.
2025-03-31 09:15:22,818 - INFO - Fetching latest backup file from Mega...
2025-03-31 09:15:24,138 - ERROR - An error occurred: 'DriverMega' object has no attribute 'find'
2025-03-31 09:16:02,447 - INFO - Connecting to Mega...
2025-03-31 09:16:04,416 - INFO - Sucessfully logged in to Mega.
2025-03-31 09:16:04,417 - INFO - Connecting to Mega...
2025-03-31 09:16:06,506 - INFO - Sucessfully logged in to Mega.
2025-03-31 09:16:06,507 - INFO - Fetching latest backup file from Mega...
2025-03-31 09:16:07,768 - ERROR - An error occurred: File id and key must be present
2025-03-31 09:18:32,543 - INFO - Connecting to Mega...
2025-03-31 09:18:34,592 - INFO - Sucessfully logged in to Mega.
2025-03-31 09:18:34,593 - INFO - Connecting to Mega...
2025-03-31 09:18:36,739 - INFO - Sucessfully logged in to Mega.
2025-03-31 09:18:36,740 - INFO - Fetching latest backup file from Mega...
2025-03-31 09:18:38,068 - ERROR - An error occurred: File id and key must be present
2025-03-31 09:35:31,383 - INFO - Connecting to Mega...
2025-03-31 09:35:33,291 - INFO - Sucessfully logged in to Mega.
2025-03-31 09:35:33,292 - INFO - Connecting to Mega...
2025-03-31 09:35:35,282 - INFO - Sucessfully logged in to Mega.
2025-03-31 09:35:35,283 - INFO - Fetching latest backup file from Mega...
2025-03-31 09:35:36,573 - ERROR - An error occurred: File id and key must be present
2025-03-31 09:38:59,145 - INFO - Connecting to Mega...
2025-03-31 09:39:01,575 - INFO - Sucessfully logged in to Mega.
2025-03-31 09:39:01,576 - INFO - Connecting to Mega...
2025-03-31 09:39:03,411 - INFO - Sucessfully logged in to Mega.
2025-03-31 09:39:03,412 - INFO - Fetching latest backup file from Mega...
2025-03-31 09:39:05,218 - INFO - Downloading backup file...
2025-03-31 09:39:08,444 - ERROR - An error occurred: [WinError 3] The system cannot find the path specified
2025-03-31 09:39:56,461 - INFO - Connecting to Mega...
2025-03-31 09:39:58,424 - INFO - Sucessfully logged in to Mega.
2025-03-31 09:39:58,425 - INFO - Connecting to Mega...
2025-03-31 09:40:00,430 - INFO - Sucessfully logged in to Mega.
2025-03-31 09:40:00,431 - INFO - Fetching latest backup file from Mega...
2025-03-31 09:40:02,425 - INFO - Downloading backup file...
2025-03-31 09:40:05,347 - ERROR - An error occurred: [WinError 3] The system cannot find the path specified
2025-03-31 09:40:30,269 - INFO - Connecting to Mega...
2025-03-31 09:40:32,224 - INFO - Sucessfully logged in to Mega.
2025-03-31 09:40:32,225 - INFO - Connecting to Mega...
2025-03-31 09:40:34,206 - INFO - Sucessfully logged in to Mega.
2025-03-31 09:40:34,207 - INFO - Fetching latest backup file from Mega...
2025-03-31 09:40:36,167 - INFO - Downloading backup file...
2025-03-31 09:40:39,217 - ERROR - An error occurred: [WinError 3] The system cannot find the path specified
2025-03-31 09:42:33,182 - INFO - Connecting to Mega...
2025-03-31 09:42:35,368 - INFO - Sucessfully logged in to Mega.
2025-03-31 09:42:35,369 - INFO - Connecting to Mega...
2025-03-31 09:42:37,345 - INFO - Sucessfully logged in to Mega.
2025-03-31 09:42:37,346 - INFO - Fetching latest backup file from Mega...
2025-03-31 09:42:39,195 - INFO - Downloading backup file...
2025-03-31 09:42:42,276 - ERROR - An error occurred: [WinError 32] The process cannot access the file because it is being used by another process: 'C:\\Users\\rdssj\\AppData\\Local\\Temp\\megapy_cq1pyxxu'
2025-03-31 10:40:29,093 - INFO - Connecting to Mega...
2025-03-31 10:40:31,333 - INFO - Sucessfully logged in to Mega.
2025-03-31 10:40:31,334 - INFO - Connecting to Mega...
2025-03-31 10:40:34,224 - INFO - Sucessfully logged in to Mega.
2025-03-31 10:40:34,225 - INFO - Fetching latest backup file from Mega...
2025-03-31 10:40:36,136 - INFO - Downloading backup file...
2025-03-31 10:40:39,442 - ERROR - An error occurred: [WinError 32] The process cannot access the file because it is being used by another process: 'C:\\Users\\rdssj\\AppData\\Local\\Temp\\megapy_38ba7z25'
2025-03-31 10:42:48,100 - INFO - Connecting to Mega...
2025-03-31 10:42:50,599 - INFO - Sucessfully logged in to Mega.
2025-03-31 10:42:50,600 - INFO - Connecting to Mega...
2025-03-31 10:42:52,492 - INFO - Sucessfully logged in to Mega.
2025-03-31 10:42:52,492 - INFO - Fetching latest backup file from Mega...
2025-03-31 10:42:54,520 - INFO - Downloading backup file to: C:\Users\rdssj\AppData\Local\Temp\20250331025115_world.sql
2025-03-31 10:42:57,740 - ERROR - An error occurred: [WinError 3] The system cannot find the path specified
2025-03-31 10:44:45,915 - INFO - Connecting to Mega...
2025-03-31 10:44:47,945 - INFO - Sucessfully logged in to Mega.
2025-03-31 10:44:47,945 - INFO - Connecting to Mega...
2025-03-31 10:44:50,048 - INFO - Sucessfully logged in to Mega.
2025-03-31 10:44:50,049 - INFO - Fetching latest backup file from Mega...
2025-03-31 10:44:51,952 - INFO - Downloading backup file to: C:\Users\rdssj\OneDrive\Desktop\Database Cloud Backup\temp\20250331025115_world.sql
2025-03-31 10:44:55,153 - ERROR - An error occurred: [WinError 32] The process cannot access the file because it is being used by another process: 'C:\\Users\\rdssj\\AppData\\Local\\Temp\\megapy_bxeezg8z'
2025-03-31 10:56:08,126 - INFO - Connecting to Mega...
2025-03-31 10:56:10,183 - INFO - Sucessfully logged in to Mega.
2025-03-31 10:56:10,183 - INFO - Connecting to Mega...
2025-03-31 10:56:12,357 - INFO - Sucessfully logged in to Mega.
2025-03-31 10:56:12,357 - INFO - Fetching latest backup file from Mega...
2025-03-31 10:56:14,458 - INFO - Downloading backup file to: C:\Users\rdssj\OneDrive\Desktop\Database Cloud Backup\temp\20250331025115_world.sql
2025-03-31 10:56:17,893 - ERROR - An error occurred: [WinError 32] The process cannot access the file because it is being used by another process: 'C:\\Users\\rdssj\\AppData\\Local\\Temp\\megapy_v5b84hzf'
2025-03-31 10:57:18,222 - INFO - Connecting to Mega...
2025-03-31 10:57:20,315 - INFO - Sucessfully logged in to Mega.
2025-03-31 10:57:20,315 - INFO - Connecting to Mega...
2025-03-31 10:57:22,447 - INFO - Sucessfully logged in to Mega.
2025-03-31 10:57:22,448 - INFO - Fetching latest backup file from Mega...
2025-03-31 10:57:24,476 - INFO - Downloading backup file to: C:\Users\rdssj\OneDrive\Desktop\Database Cloud Backup\temp\20250331025115_world.sql
2025-03-31 10:57:27,434 - ERROR - An error occurred: [WinError 32] The process cannot access the file because it is being used by another process: 'C:\\Users\\rdssj\\AppData\\Local\\Temp\\megapy_p1vw1tw6'
2025-03-31 10:58:35,183 - INFO - Connecting to Mega...
2025-03-31 10:58:37,307 - INFO - Sucessfully logged in to Mega.
2025-03-31 10:58:37,308 - INFO - Connecting to Mega...
2025-03-31 10:58:39,432 - INFO - Sucessfully logged in to Mega.
2025-03-31 10:58:39,432 - INFO - Fetching latest backup file from Mega...
2025-03-31 10:58:41,499 - INFO - Downloading backup file to: C:\Users\rdssj\OneDrive\Desktop\Database Cloud Backup\temp\20250331025115_world.sql
2025-03-31 10:58:44,408 - ERROR - An error occurred: [WinError 32] The process cannot access the file because it is being used by another process: 'C:\\Users\\rdssj\\AppData\\Local\\Temp\\megapy_6oa6f3x6'
2025-03-31 11:00:46,214 - INFO - Connecting to Mega...
2025-03-31 11:00:48,264 - INFO - Sucessfully logged in to Mega.
2025-03-31 11:00:48,265 - INFO - Connecting to Mega...
2025-03-31 11:00:50,249 - INFO - Sucessfully logged in to Mega.
2025-03-31 11:00:50,249 - INFO - Fetching latest backup file from Mega...
2025-03-31 11:00:52,212 - INFO - Downloading backup file to: C:\Users\rdssj\OneDrive\Desktop\Database Cloud Backup\temp\20250331025115_world.sql
2025-03-31 11:00:55,439 - ERROR - An error occurred: [WinError 32] The process cannot access the file because it is being used by another process: 'C:\\Users\\rdssj\\AppData\\Local\\Temp\\megapy__06c1h65'
2025-03-31 11:01:14,904 - INFO - Connecting to Mega...
2025-03-31 11:01:17,358 - INFO - Sucessfully logged in to Mega.
2025-03-31 11:01:17,358 - INFO - Connecting to Mega...
2025-03-31 11:01:19,500 - INFO - Sucessfully logged in to Mega.
2025-03-31 11:01:19,501 - INFO - Fetching latest backup file from Mega...
2025-03-31 11:01:21,314 - INFO - Downloading backup file to: C:\Users\rdssj\OneDrive\Desktop\Database Cloud Backup\temp\20250331025115_world.sql
2025-03-31 11:01:24,867 - ERROR - An error occurred: [WinError 32] The process cannot access the file because it is being used by another process: 'C:\\Users\\rdssj\\AppData\\Local\\Temp\\megapy_yy84q_av'
2025-03-31 11:04:36,939 - INFO - Connecting to Mega...
2025-03-31 11:04:38,915 - INFO - Sucessfully logged in to Mega.
2025-03-31 11:04:38,916 - INFO - Connecting to Mega...
2025-03-31 11:04:40,940 - INFO - Sucessfully logged in to Mega.
2025-03-31 11:04:40,941 - INFO - Fetching latest backup file from Mega...
2025-03-31 11:04:42,953 - INFO - Downloading backup file to: C:\Users\rdssj\OneDrive\Desktop\Database Cloud Backup\temp\20250331025115_world.sql
2025-03-31 11:04:46,085 - ERROR - An error occurred: [WinError 32] The process cannot access the file because it is being used by another process: 'C:\\Users\\rdssj\\AppData\\Local\\Temp\\megapy_9axyknda'
2025-03-31 11:37:20,135 - INFO - Connecting to Mega...
2025-03-31 11:37:22,264 - INFO - Sucessfully logged in to Mega.
2025-03-31 11:37:22,264 - INFO - Connecting to Mega...
2025-03-31 11:37:24,291 - INFO - Sucessfully logged in to Mega.
2025-03-31 11:37:24,291 - INFO - Fetching latest backup file from Mega...
2025-03-31 11:37:26,186 - INFO - Downloading backup file to: C:\Users\rdssj\OneDrive\Desktop\Database Cloud Backup\temp\20250331025115_world.sql
2025-03-31 11:37:29,555 - ERROR - An error occurred: [WinError 32] The process cannot access the file because it is being used by another process: 'C:\\Users\\rdssj\\AppData\\Local\\Temp\\megapy_ekglecpx'
2025-03-31 12:22:20,632 - ERROR - An error occurred: 'coroutine' object has no attribute 'strip'
2025-03-31 12:22:33,950 - ERROR - An error occurred: 'coroutine' object has no attribute 'strip'
2025-03-31 12:23:38,556 - INFO - Connecting to Mega...
2025-03-31 12:23:40,841 - INFO - Sucessfully logged in to Mega.
2025-03-31 12:23:40,841 - INFO - Connecting to Mega...
2025-03-31 12:23:42,832 - INFO - Sucessfully logged in to Mega.
2025-03-31 12:23:42,832 - INFO - Fetching latest backup file from Mega...
2025-03-31 12:23:44,658 - INFO - Downloading backup file to: C:\Users\rdssj\AppData\Local\Temp\tmp980m4kc9\20250331025115_world.sql
2025-03-31 12:23:47,758 - INFO - Temporary file C:\Users\rdssj\AppData\Local\Temp\tmp980m4kc9\20250331025115_world.sql deleted.
2025-03-31 12:23:47,758 - ERROR - An error occurred: [WinError 32] The process cannot access the file because it is being used by another process: 'C:\\Users\\rdssj\\AppData\\Local\\Temp\\megapy_sgpz5kqy'
2025-03-31 12:24:36,466 - INFO - Connecting to Mega...
2025-03-31 12:24:38,508 - INFO - Sucessfully logged in to Mega.
2025-03-31 12:24:38,509 - INFO - Connecting to Mega...
2025-03-31 12:24:40,529 - INFO - Sucessfully logged in to Mega.
2025-03-31 12:24:40,530 - INFO - Fetching latest backup file from Mega...
2025-03-31 12:24:42,705 - INFO - Downloading backup file to: C:\Users\rdssj\AppData\Local\Temp\tmp_bfd5ag7\20250331025115_world.sql
2025-03-31 12:24:45,898 - INFO - Temporary file C:\Users\rdssj\AppData\Local\Temp\tmp_bfd5ag7\20250331025115_world.sql deleted.
2025-03-31 12:24:45,899 - ERROR - An error occurred: [WinError 32] The process cannot access the file because it is being used by another process: 'C:\\Users\\rdssj\\AppData\\Local\\Temp\\megapy_bl0r1cj7'
2025-03-31 12:32:50,522 - INFO - Connecting to Mega...
2025-03-31 12:32:52,544 - INFO - Sucessfully logged in to Mega.
2025-03-31 12:32:52,544 - INFO - Connecting to Mega...
2025-03-31 12:32:54,520 - INFO - Sucessfully logged in to Mega.
2025-03-31 12:32:54,521 - INFO - Fetching latest backup file from Mega...
2025-03-31 12:32:56,445 - INFO - Downloading backup file to: C:\Users\rdssj\OneDrive\Desktop\Database Cloud Backup\temp\20250331025115_world.sql
2025-03-31 12:32:59,311 - ERROR - An error occurred: [WinError 32] The process cannot access the file because it is being used by another process: 'C:\\Users\\rdssj\\AppData\\Local\\Temp\\megapy_2k2khmj0'
2025-03-31 12:33:53,055 - INFO - Connecting to Mega...
2025-03-31 12:33:55,159 - INFO - Sucessfully logged in to Mega.
2025-03-31 12:33:55,159 - INFO - Connecting to Mega...
2025-03-31 12:33:57,189 - INFO - Sucessfully logged in to Mega.
2025-03-31 12:33:57,190 - INFO - Fetching latest backup file from Mega...
2025-03-31 12:33:59,219 - INFO - Downloading backup file to: C:\Users\rdssj\OneDrive\Desktop\Database Cloud Backup\temp\20250331025115_world.sql
2025-03-31 12:34:03,524 - ERROR - An error occurred: [WinError 32] The process cannot access the file because it is being used by another process: 'C:\\Users\\rdssj\\AppData\\Local\\Temp\\megapy_fvx2n5ri'
2025-03-31 12:42:07,908 - INFO - Connecting to Mega...
2025-03-31 12:42:09,813 - INFO - Sucessfully logged in to Mega.
2025-03-31 12:42:09,814 - INFO - Connecting to Mega...
2025-03-31 12:42:11,968 - INFO - Sucessfully logged in to Mega.
2025-03-31 12:42:11,969 - INFO - Fetching latest backup file from Mega...
2025-03-31 12:42:13,935 - INFO - Downloading backup file to: C:\Users\rdssj\OneDrive\Desktop\Database Cloud Backup\temp\20250331025115_world.sql
2025-03-31 12:42:16,786 - ERROR - An error occurred: [WinError 32] The process cannot access the file because it is being used by another process: 'C:\\Users\\rdssj\\AppData\\Local\\Temp\\megapy_vam54whz'
2025-03-31 12:44:00,644 - INFO - Connecting to Mega...
2025-03-31 12:44:02,771 - INFO - Sucessfully logged in to Mega.
2025-03-31 12:44:02,771 - INFO - Connecting to Mega...
2025-03-31 12:44:04,786 - INFO - Sucessfully logged in to Mega.
2025-03-31 12:44:04,787 - INFO - Fetching latest backup file from Mega...
2025-03-31 12:44:06,588 - INFO - Downloading backup file to: C:\Users\rdssj\OneDrive\Desktop\Database Cloud Backup\temp\20250331025115_world.sql
2025-03-31 12:44:09,799 - ERROR - An error occurred: [WinError 32] The process cannot access the file because it is being used by another process: 'C:\\Users\\rdssj\\AppData\\Local\\Temp\\megapy_yfl_fwao'
2025-03-31 12:47:33,641 - INFO - Connecting to Mega...
2025-03-31 12:47:35,716 - INFO - Sucessfully logged in to Mega.
2025-03-31 12:47:35,716 - INFO - Connecting to Mega...
2025-03-31 12:47:37,731 - INFO - Sucessfully logged in to Mega.
2025-03-31 12:47:37,732 - INFO - Fetching latest backup file from Mega...
2025-03-31 12:47:39,913 - INFO - Downloading backup file to: C:\Users\rdssj\OneDrive\Desktop\Database Cloud Backup\temp\20250331025115_world.sql
2025-03-31 12:47:42,837 - ERROR - An error occurred: [WinError 32] The process cannot access the file because it is being used by another process: 'C:\\Users\\rdssj\\AppData\\Local\\Temp\\megapy_7ms92ad9'
2025-03-31 13:02:04,140 - INFO - Connecting to Mega...
2025-03-31 13:02:06,113 - INFO - Sucessfully logged in to Mega.
2025-03-31 13:02:06,114 - INFO - Connecting to Mega...
2025-03-31 13:02:08,129 - INFO - Sucessfully logged in to Mega.
2025-03-31 13:02:08,130 - INFO - Fetching latest backup file from Mega...
2025-03-31 13:02:10,104 - INFO - Removed existing file: C:\Users\rdssj\OneDrive\Desktop\Database Cloud Backup\temp\20250331025115_world.sql
2025-03-31 13:02:10,104 - INFO - Downloading backup file to: C:\Users\rdssj\OneDrive\Desktop\Database Cloud Backup\temp\20250331025115_world.sql
2025-03-31 13:02:29,376 - ERROR - An error occurred: [WinError 32] The process cannot access the file because it is being used by another process: 'C:\\Users\\rdssj\\AppData\\Local\\Temp\\megapy_7bihnkru'
Traceback (most recent call last):
  File "C:\Users\rdssj\AppData\Local\Programs\Python\Python313\Lib\shutil.py", line 856, in move
    os.rename(src, real_dst)
    ~~~~~~~~~^^^^^^^^^^^^^^^
PermissionError: [WinError 32] The process cannot access the file because it is being used by another process: 'C:\\Users\\rdssj\\AppData\\Local\\Temp\\megapy_7bihnkru' -> 'C:\\Users\\rdssj\\OneDrive\\Desktop\\Database Cloud Backup\\temp\\20250331025115_world.sql'

During handling of the above exception, another exception occurred:

Traceback (most recent call last):
  File "C:\Users\rdssj\OneDrive\Desktop\Database Cloud Backup\restoration.py", line 122, in main
    await download_with_retries(mega_client, file, temp_dir)
  File "C:\Users\rdssj\OneDrive\Desktop\Database Cloud Backup\restoration.py", line 64, in download_with_retries
    return await asyncio.to_thread(mega_client.mega.download, file, temp_dir)
           ^^^^^^^^^^^^^^^^^^^^^^^^^^^^^^^^^^^^^^^^^^^^^^^^^^^^^^^^^^^^^^^^^^
  File "C:\Users\rdssj\AppData\Local\Programs\Python\Python313\Lib\asyncio\threads.py", line 25, in to_thread
    return await loop.run_in_executor(None, func_call)
           ^^^^^^^^^^^^^^^^^^^^^^^^^^^^^^^^^^^^^^^^^^^
  File "C:\Users\rdssj\AppData\Local\Programs\Python\Python313\Lib\concurrent\futures\thread.py", line 59, in run
    result = self.fn(*self.args, **self.kwargs)
  File "C:\Users\rdssj\OneDrive\Desktop\Database Cloud Backup\myenv\Lib\site-packages\mega\mega.py", line 564, in download
    return self._download_file(file_handle=None,
           ~~~~~~~~~~~~~~~~~~~^^^^^^^^^^^^^^^^^^
                               file_key=None,
                               ^^^^^^^^^^^^^^
    ...<2 lines>...
                               dest_filename=dest_filename,
                               ^^^^^^^^^^^^^^^^^^^^^^^^^^^^
                               is_public=False)
                               ^^^^^^^^^^^^^^^^
  File "C:\Users\rdssj\OneDrive\Desktop\Database Cloud Backup\myenv\Lib\site-packages\mega\mega.py", line 745, in _download_file
    shutil.move(temp_output_file.name, output_path)
    ~~~~~~~~~~~^^^^^^^^^^^^^^^^^^^^^^^^^^^^^^^^^^^^
  File "C:\Users\rdssj\AppData\Local\Programs\Python\Python313\Lib\shutil.py", line 877, in move
    os.unlink(src)
    ~~~~~~~~~^^^^^
PermissionError: [WinError 32] The process cannot access the file because it is being used by another process: 'C:\\Users\\rdssj\\AppData\\Local\\Temp\\megapy_7bihnkru'
2025-03-31 13:03:48,195 - INFO - Starting database restoration process
2025-03-31 13:03:49,380 - INFO - Using database name: world
2025-03-31 13:03:49,381 - INFO - Connecting to Mega...
2025-03-31 13:03:51,566 - INFO - Sucessfully logged in to Mega.
2025-03-31 13:03:51,567 - INFO - Connecting to Mega...
2025-03-31 13:03:53,788 - INFO - Sucessfully logged in to Mega.
2025-03-31 13:03:53,789 - INFO - Initialized Mega client
2025-03-31 13:03:53,789 - INFO - Fetching latest backup file from Mega...
2025-03-31 13:03:55,087 - INFO - Latest backup file: 20250331025115_world.sql
2025-03-31 13:03:55,925 - INFO - Removed existing file: C:\Users\rdssj\OneDrive\Desktop\Database Cloud Backup\temp\20250331025115_world.sql
2025-03-31 13:03:55,926 - INFO - Starting download of backup file to: C:\Users\rdssj\OneDrive\Desktop\Database Cloud Backup\temp\20250331025115_world.sql
2025-03-31 13:03:55,926 - INFO - Starting custom download for file: 20250331025115_world.sql
2025-03-31 13:03:55,926 - ERROR - Download failed: 'Mega' object has no attribute 'get_file_info'
2025-03-31 13:03:55,927 - ERROR - An error occurred: 'Mega' object has no attribute 'get_file_info'
Traceback (most recent call last):
  File "C:\Users\rdssj\OneDrive\Desktop\Database Cloud Backup\restoration.py", line 174, in main
    downloaded_file = await download_file_custom(
                      ^^^^^^^^^^^^^^^^^^^^^^^^^^^
    ...<4 lines>...
    )
    ^
  File "C:\Users\rdssj\OneDrive\Desktop\Database Cloud Backup\restoration.py", line 26, in download_file_custom
    file_data = mega_client.mega.get_file_info(file)
                ^^^^^^^^^^^^^^^^^^^^^^^^^^^^^^
AttributeError: 'Mega' object has no attribute 'get_file_info'. Did you mean: 'get_files_in_node'?
2025-03-31 13:04:35,538 - INFO - Connecting to Mega...
2025-03-31 13:04:37,611 - INFO - Sucessfully logged in to Mega.
2025-03-31 13:04:37,611 - INFO - Connecting to Mega...
2025-03-31 13:04:39,660 - INFO - Sucessfully logged in to Mega.
2025-03-31 13:04:39,660 - INFO - Fetching latest backup file from Mega...
2025-03-31 13:04:41,597 - INFO - Downloading backup file to: C:\Users\rdssj\AppData\Local\Temp\tmpz2yggt3e\20250331025115_world.sql
2025-03-31 13:04:45,380 - INFO - Temporary file C:\Users\rdssj\AppData\Local\Temp\tmpz2yggt3e\20250331025115_world.sql deleted.
2025-03-31 13:04:45,381 - ERROR - An error occurred: [WinError 32] The process cannot access the file because it is being used by another process: 'C:\\Users\\rdssj\\AppData\\Local\\Temp\\megapy_v_pvcd6g'
2025-03-31 13:05:12,073 - INFO - Connecting to Mega...
2025-03-31 13:05:14,144 - INFO - Sucessfully logged in to Mega.
2025-03-31 13:05:14,145 - INFO - Connecting to Mega...
2025-03-31 13:05:16,137 - INFO - Sucessfully logged in to Mega.
2025-03-31 13:05:16,137 - INFO - Fetching latest backup file from Mega...
2025-03-31 13:05:18,209 - INFO - Downloading backup file to: C:\Users\rdssj\AppData\Local\Temp\tmp2kfftpk1\20250331025115_world.sql
2025-03-31 13:05:21,515 - INFO - Temporary file C:\Users\rdssj\AppData\Local\Temp\tmp2kfftpk1\20250331025115_world.sql deleted.
2025-03-31 13:05:21,515 - ERROR - An error occurred: [WinError 32] The process cannot access the file because it is being used by another process: 'C:\\Users\\rdssj\\AppData\\Local\\Temp\\megapy_yxkhnu4c'
2025-03-31 13:06:48,017 - INFO - Connecting to Mega...
2025-03-31 13:06:50,018 - INFO - Sucessfully logged in to Mega.
2025-03-31 13:06:50,019 - INFO - Connecting to Mega...
2025-03-31 13:06:51,985 - INFO - Sucessfully logged in to Mega.
2025-03-31 13:06:51,985 - INFO - Fetching latest backup file from Mega...
2025-03-31 13:06:53,959 - INFO - Downloading backup file to: C:\Users\rdssj\AppData\Local\Temp\tmpab8ijppj\20250331025115_world.sql
2025-03-31 13:06:57,292 - INFO - Temporary file C:\Users\rdssj\AppData\Local\Temp\tmpab8ijppj\20250331025115_world.sql deleted.
2025-03-31 13:06:57,292 - ERROR - An error occurred: [WinError 32] The process cannot access the file because it is being used by another process: 'C:\\Users\\rdssj\\AppData\\Local\\Temp\\megapy_yrem1bqm'
2025-03-31 13:07:11,431 - INFO - Connecting to Mega...
2025-03-31 13:07:13,445 - INFO - Sucessfully logged in to Mega.
2025-03-31 13:07:13,446 - INFO - Connecting to Mega...
2025-03-31 13:07:15,503 - INFO - Sucessfully logged in to Mega.
2025-03-31 13:07:15,503 - INFO - Fetching latest backup file from Mega...
2025-03-31 13:07:17,559 - INFO - Downloading backup file to: C:\Users\rdssj\OneDrive\Desktop\Database Cloud Backup\temp\20250331025115_world.sql
2025-03-31 13:07:20,881 - ERROR - An error occurred: [WinError 32] The process cannot access the file because it is being used by another process: 'C:\\Users\\rdssj\\AppData\\Local\\Temp\\megapy_xu_jf8vs'
2025-03-31 13:09:01,870 - INFO - Connecting to Mega...
2025-03-31 13:09:03,948 - INFO - Sucessfully logged in to Mega.
2025-03-31 13:09:03,949 - INFO - Connecting to Mega...
2025-03-31 13:09:05,994 - INFO - Sucessfully logged in to Mega.
2025-03-31 13:09:05,994 - INFO - Fetching latest backup file from Mega...
2025-03-31 13:09:08,050 - INFO - Downloading backup file to: C:\Users\rdssj\OneDrive\Desktop\Database Cloud Backup\temp\20250331025115_world.sql
2025-03-31 13:09:11,320 - ERROR - An error occurred: [WinError 32] The process cannot access the file because it is being used by another process: 'C:\\Users\\rdssj\\AppData\\Local\\Temp\\megapy_9bb2saco'
2025-03-31 13:11:57,509 - ERROR - An error occurred: 
2025-03-31 13:12:05,420 - INFO - Connecting to Mega...
2025-03-31 13:12:07,539 - INFO - Sucessfully logged in to Mega.
2025-03-31 13:12:07,540 - INFO - Connecting to Mega...
2025-03-31 13:12:10,072 - INFO - Sucessfully logged in to Mega.
2025-03-31 13:12:10,072 - INFO - Fetching latest backup file from Mega...
2025-03-31 13:12:12,025 - INFO - Downloading backup file to: C:\Users\rdssj\OneDrive\Desktop\Database Cloud Backup\temp\20250331025115_world.sql
2025-03-31 13:12:15,342 - ERROR - Error during file download: [WinError 32] The process cannot access the file because it is being used by another process: 'C:\\Users\\rdssj\\AppData\\Local\\Temp\\megapy_z3mq0wk9'
2025-03-31 13:14:00,426 - INFO - Connecting to Mega...
2025-03-31 13:14:02,471 - INFO - Sucessfully logged in to Mega.
2025-03-31 13:14:02,472 - INFO - Connecting to Mega...
2025-03-31 13:14:04,489 - INFO - Sucessfully logged in to Mega.
2025-03-31 13:14:04,489 - INFO - Fetching latest backup file from Mega...
2025-03-31 13:14:06,577 - INFO - Downloading backup file to: C:\Users\rdssj\OneDrive\Desktop\Database Cloud Backup\temp\20250331025115_world.sql
2025-03-31 13:14:10,008 - ERROR - Error during file download: [WinError 32] The process cannot access the file because it is being used by another process: 'C:\\Users\\rdssj\\AppData\\Local\\Temp\\megapy_4476x8xx'
2025-03-31 13:15:25,730 - INFO - Connecting to Mega...
2025-03-31 13:15:27,906 - INFO - Sucessfully logged in to Mega.
2025-03-31 13:15:27,907 - INFO - Connecting to Mega...
2025-03-31 13:15:30,107 - INFO - Sucessfully logged in to Mega.
2025-03-31 13:15:30,108 - INFO - Fetching latest backup file from Mega...
2025-03-31 13:15:32,626 - INFO - Downloading backup file to: C:\Users\rdssj\OneDrive\Desktop\Database Cloud Backup\temp\20250331025115_world.sql
2025-03-31 13:15:35,661 - ERROR - Error during file download: [WinError 32] The process cannot access the file because it is being used by another process: 'C:\\Users\\rdssj\\AppData\\Local\\Temp\\megapy_qmm78q7n'
2025-03-31 13:18:39,686 - INFO - Connecting to Mega...
2025-03-31 13:18:41,747 - INFO - Sucessfully logged in to Mega.
2025-03-31 13:18:41,747 - INFO - Connecting to Mega...
2025-03-31 13:18:43,866 - INFO - Sucessfully logged in to Mega.
2025-03-31 13:18:43,866 - INFO - Fetching latest backup file from Mega...
2025-03-31 13:18:45,851 - INFO - Downloading backup file to: C:\Users\rdssj\OneDrive\Desktop\Database Cloud Backup\temp\20250331025115_world.sql
2025-03-31 13:19:38,789 - INFO - Download completed. Now checking file accessibility...
2025-03-31 13:19:38,794 - ERROR - File C:\Users\rdssj\OneDrive\Desktop\Database Cloud Backup\temp\20250331025115_world.sql is still locked or inaccessible.
2025-03-31 13:26:35,008 - INFO - Connecting to Mega...
2025-03-31 13:26:37,092 - INFO - Sucessfully logged in to Mega.
2025-03-31 13:26:37,093 - INFO - Connecting to Mega...
2025-03-31 13:26:39,019 - INFO - Sucessfully logged in to Mega.
2025-03-31 13:26:39,019 - INFO - Fetching latest backup file from Mega...
2025-03-31 13:26:40,879 - INFO - Downloading backup file to: C:\Users\rdssj\OneDrive\Desktop\Database Cloud Backup\temp\20250331025115_world.sql
2025-03-31 13:26:44,182 - INFO - Download completed. Now checking file accessibility...
2025-03-31 13:26:44,183 - INFO - Downloaded file saved as: C:\Users\rdssj\OneDrive\Desktop\Database Cloud Backup\temp\20250331025115_world.sql_ready.sql
2025-03-31 13:26:44,183 - INFO - Restoring database...
2025-03-31 13:26:44,185 - INFO - Dumping world to C:\Users\rdssj\OneDrive\Desktop\Database Cloud Backup\temp\20250331025115_world.sql_ready.sql.sql...
2025-03-31 13:26:44,406 - INFO - Database restoration completed successfully.
2025-03-31 13:26:44,407 - ERROR - An error occurred: [WinError 2] The system cannot find the file specified: 'C:\\Users\\rdssj\\OneDrive\\Desktop\\Database Cloud Backup\\temp\\20250331025115_world.sql_ready.sql'
2025-03-31 13:30:21,991 - INFO - Connecting to Mega...
2025-03-31 13:30:23,923 - INFO - Sucessfully logged in to Mega.
2025-03-31 13:30:23,923 - INFO - Connecting to Mega...
2025-03-31 13:30:25,892 - INFO - Sucessfully logged in to Mega.
2025-03-31 13:30:25,893 - INFO - Fetching latest backup file from Mega...
2025-03-31 13:30:27,951 - INFO - Downloading backup file to: C:\Users\rdssj\OneDrive\Desktop\Database Cloud Backup\temp\20250331025115_world.sql
2025-03-31 13:30:30,679 - INFO - Download completed. Now checking file accessibility...
2025-03-31 13:30:30,679 - INFO - Downloaded file saved as: C:\Users\rdssj\OneDrive\Desktop\Database Cloud Backup\temp\20250331025115_world.sql_ready.sql
2025-03-31 13:30:30,679 - INFO - Restoring database...
2025-03-31 13:30:30,681 - INFO - Dumping world to C:\Users\rdssj\OneDrive\Desktop\Database Cloud Backup\temp\20250331025115_world.sql_ready.sql.sql...
2025-03-31 13:30:30,751 - INFO - Database restoration completed successfully.
2025-03-31 13:30:30,753 - INFO - Temporary file C:\Users\rdssj\OneDrive\Desktop\Database Cloud Backup\temp\20250331025115_world.sql_ready.sql deleted.
2025-04-01 00:02:09,215 - INFO - Connecting to Mega...
2025-04-01 00:02:11,540 - INFO - Sucessfully logged in to Mega.
2025-04-01 00:02:11,541 - INFO - Connecting to Mega...
2025-04-01 00:02:13,572 - INFO - Sucessfully logged in to Mega.
2025-04-01 00:02:13,572 - INFO - Fetching latest backup file from Mega...
2025-04-01 00:02:15,612 - INFO - Downloading backup file to: C:\Users\rdssj\OneDrive\Desktop\Database Cloud Backup\temp\20250331182931_world.sql
2025-04-01 00:02:18,681 - INFO - Download completed. Now checking file accessibility...
2025-04-01 00:02:18,681 - INFO - Downloaded file saved as: C:\Users\rdssj\OneDrive\Desktop\Database Cloud Backup\temp\20250331182931_world.sql_ready.sql
2025-04-01 00:02:18,682 - INFO - Restoring database...
2025-04-01 00:02:18,686 - INFO - Dumping world to C:\Users\rdssj\OneDrive\Desktop\Database Cloud Backup\temp\20250331182931_world.sql_ready.sql.sql...
2025-04-01 00:02:18,751 - INFO - Database restoration completed successfully.
2025-04-01 00:02:18,753 - INFO - Temporary file C:\Users\rdssj\OneDrive\Desktop\Database Cloud Backup\temp\20250331182931_world.sql_ready.sql deleted.
